Analysis & Synthesis report for Multiplier
Mon Feb 24 16:15:06 2020
Quartus Prime Version 18.0.0 Build 614 04/24/2018 SJ Lite Edition


---------------------
; Table of Contents ;
---------------------
  1. Legal Notice
  2. Analysis & Synthesis Summary
  3. Analysis & Synthesis Settings
  4. Parallel Compilation
  5. Analysis & Synthesis Source Files Read
  6. Analysis & Synthesis Resource Usage Summary
  7. Analysis & Synthesis Resource Utilization by Entity
  8. State Machine - |Processor|control:control_unit|curr_state
  9. Registers Removed During Synthesis
 10. General Register Statistics
 11. Multiplexer Restructuring Statistics (Restructuring Performed)
 12. Port Connectivity Checks: "bit_9:my_favorite_adder|ripple_adder:negativeadder|full_adder:FA8"
 13. Port Connectivity Checks: "bit_9:my_favorite_adder|ripple_adder:negativeadder|full_adder:FA0"
 14. Port Connectivity Checks: "bit_9:my_favorite_adder|ripple_adder:negativeadder"
 15. Port Connectivity Checks: "reg_8:reg_b"
 16. Post-Synthesis Netlist Statistics for Top Partition
 17. Elapsed Time Per Partition
 18. Analysis & Synthesis Messages
 19. Analysis & Synthesis Suppressed Messages



----------------
; Legal Notice ;
----------------
Copyright (C) 2018  Intel Corporation. All rights reserved.
Your use of Intel Corporation's design tools, logic functions 
and other software and tools, and its AMPP partner logic 
functions, and any output files from any of the foregoing 
(including device programming or simulation files), and any 
associated documentation or information are expressly subject 
to the terms and conditions of the Intel Program License 
Subscription Agreement, the Intel Quartus Prime License Agreement,
the Intel FPGA IP License Agreement, or other applicable license
agreement, including, without limitation, that your use is for
the sole purpose of programming logic devices manufactured by
Intel and sold by Intel or its authorized distributors.  Please
refer to the applicable agreement for further details.



+----------------------------------------------------------------------------------+
; Analysis & Synthesis Summary                                                     ;
+------------------------------------+---------------------------------------------+
; Analysis & Synthesis Status        ; Successful - Mon Feb 24 16:15:06 2020       ;
; Quartus Prime Version              ; 18.0.0 Build 614 04/24/2018 SJ Lite Edition ;
; Revision Name                      ; Multiplier                                  ;
; Top-level Entity Name              ; Processor                                   ;
; Family                             ; Cyclone IV E                                ;
; Total logic elements               ; 126                                         ;
;     Total combinational functions  ; 118                                         ;
;     Dedicated logic registers      ; 48                                          ;
; Total registers                    ; 48                                          ;
; Total pins                         ; 60                                          ;
; Total virtual pins                 ; 0                                           ;
; Total memory bits                  ; 0                                           ;
; Embedded Multiplier 9-bit elements ; 0                                           ;
; Total PLLs                         ; 0                                           ;
+------------------------------------+---------------------------------------------+


+------------------------------------------------------------------------------------------------------------+
; Analysis & Synthesis Settings                                                                              ;
+------------------------------------------------------------------+--------------------+--------------------+
; Option                                                           ; Setting            ; Default Value      ;
+------------------------------------------------------------------+--------------------+--------------------+
; Device                                                           ; EP4CE115F29C7      ;                    ;
; Top-level entity name                                            ; Processor          ; Multiplier         ;
; Family name                                                      ; Cyclone IV E       ; Cyclone V          ;
; Maximum processors allowed for parallel compilation              ; 2                  ;                    ;
; Use smart compilation                                            ; Off                ; Off                ;
; Enable parallel Assembler and Timing Analyzer during compilation ; On                 ; On                 ;
; Enable compact report table                                      ; Off                ; Off                ;
; Restructure Multiplexers                                         ; Auto               ; Auto               ;
; Create Debugging Nodes for IP Cores                              ; Off                ; Off                ;
; Preserve fewer node names                                        ; On                 ; On                 ;
; Intel FPGA IP Evaluation Mode                                    ; Enable             ; Enable             ;
; Verilog Version                                                  ; Verilog_2001       ; Verilog_2001       ;
; VHDL Version                                                     ; VHDL_1993          ; VHDL_1993          ;
; State Machine Processing                                         ; Auto               ; Auto               ;
; Safe State Machine                                               ; Off                ; Off                ;
; Extract Verilog State Machines                                   ; On                 ; On                 ;
; Extract VHDL State Machines                                      ; On                 ; On                 ;
; Ignore Verilog initial constructs                                ; Off                ; Off                ;
; Iteration limit for constant Verilog loops                       ; 5000               ; 5000               ;
; Iteration limit for non-constant Verilog loops                   ; 250                ; 250                ;
; Add Pass-Through Logic to Inferred RAMs                          ; On                 ; On                 ;
; Infer RAMs from Raw Logic                                        ; On                 ; On                 ;
; Parallel Synthesis                                               ; On                 ; On                 ;
; DSP Block Balancing                                              ; Auto               ; Auto               ;
; NOT Gate Push-Back                                               ; On                 ; On                 ;
; Power-Up Don't Care                                              ; On                 ; On                 ;
; Remove Redundant Logic Cells                                     ; Off                ; Off                ;
; Remove Duplicate Registers                                       ; On                 ; On                 ;
; Ignore CARRY Buffers                                             ; Off                ; Off                ;
; Ignore CASCADE Buffers                                           ; Off                ; Off                ;
; Ignore GLOBAL Buffers                                            ; Off                ; Off                ;
; Ignore ROW GLOBAL Buffers                                        ; Off                ; Off                ;
; Ignore LCELL Buffers                                             ; Off                ; Off                ;
; Ignore SOFT Buffers                                              ; On                 ; On                 ;
; Limit AHDL Integers to 32 Bits                                   ; Off                ; Off                ;
; Optimization Technique                                           ; Balanced           ; Balanced           ;
; Carry Chain Length                                               ; 70                 ; 70                 ;
; Auto Carry Chains                                                ; On                 ; On                 ;
; Auto Open-Drain Pins                                             ; On                 ; On                 ;
; Perform WYSIWYG Primitive Resynthesis                            ; Off                ; Off                ;
; Auto ROM Replacement                                             ; On                 ; On                 ;
; Auto RAM Replacement                                             ; On                 ; On                 ;
; Auto DSP Block Replacement                                       ; On                 ; On                 ;
; Auto Shift Register Replacement                                  ; Auto               ; Auto               ;
; Allow Shift Register Merging across Hierarchies                  ; Auto               ; Auto               ;
; Auto Clock Enable Replacement                                    ; On                 ; On                 ;
; Strict RAM Replacement                                           ; Off                ; Off                ;
; Allow Synchronous Control Signals                                ; On                 ; On                 ;
; Force Use of Synchronous Clear Signals                           ; Off                ; Off                ;
; Auto RAM Block Balancing                                         ; On                 ; On                 ;
; Auto RAM to Logic Cell Conversion                                ; Off                ; Off                ;
; Auto Resource Sharing                                            ; Off                ; Off                ;
; Allow Any RAM Size For Recognition                               ; Off                ; Off                ;
; Allow Any ROM Size For Recognition                               ; Off                ; Off                ;
; Allow Any Shift Register Size For Recognition                    ; Off                ; Off                ;
; Use LogicLock Constraints during Resource Balancing              ; On                 ; On                 ;
; Ignore translate_off and synthesis_off directives                ; Off                ; Off                ;
; Timing-Driven Synthesis                                          ; On                 ; On                 ;
; Report Parameter Settings                                        ; On                 ; On                 ;
; Report Source Assignments                                        ; On                 ; On                 ;
; Report Connectivity Checks                                       ; On                 ; On                 ;
; Ignore Maximum Fan-Out Assignments                               ; Off                ; Off                ;
; Synchronization Register Chain Length                            ; 2                  ; 2                  ;
; Power Optimization During Synthesis                              ; Normal compilation ; Normal compilation ;
; HDL message level                                                ; Level2             ; Level2             ;
; Suppress Register Optimization Related Messages                  ; Off                ; Off                ;
; Number of Removed Registers Reported in Synthesis Report         ; 5000               ; 5000               ;
; Number of Swept Nodes Reported in Synthesis Report               ; 5000               ; 5000               ;
; Number of Inverted Registers Reported in Synthesis Report        ; 100                ; 100                ;
; Clock MUX Protection                                             ; On                 ; On                 ;
; Auto Gated Clock Conversion                                      ; Off                ; Off                ;
; Block Design Naming                                              ; Auto               ; Auto               ;
; SDC constraint protection                                        ; Off                ; Off                ;
; Synthesis Effort                                                 ; Auto               ; Auto               ;
; Shift Register Replacement - Allow Asynchronous Clear Signal     ; On                 ; On                 ;
; Pre-Mapping Resynthesis Optimization                             ; Off                ; Off                ;
; Analysis & Synthesis Message Level                               ; Medium             ; Medium             ;
; Disable Register Merging Across Hierarchies                      ; Auto               ; Auto               ;
; Resource Aware Inference For Block RAM                           ; On                 ; On                 ;
+------------------------------------------------------------------+--------------------+--------------------+


+------------------------------------------+
; Parallel Compilation                     ;
+----------------------------+-------------+
; Processors                 ; Number      ;
+----------------------------+-------------+
; Number detected on machine ; 4           ;
; Maximum allowed            ; 2           ;
;                            ;             ;
; Average used               ; 1.00        ;
; Maximum used               ; 2           ;
;                            ;             ;
; Usage by Processor         ; % Time Used ;
;     Processor 1            ; 100.0%      ;
;     Processor 2            ;   0.0%      ;
+----------------------------+-------------+


+------------------------------------------------------------------------------------------------------------------------------------------------------------------+
; Analysis & Synthesis Source Files Read                                                                                                                           ;
+----------------------------------+-----------------+------------------------------+--------------------------------------------------------------------+---------+
; File Name with User-Entered Path ; Used in Netlist ; File Type                    ; File Name with Absolute Path                                       ; Library ;
+----------------------------------+-----------------+------------------------------+--------------------------------------------------------------------+---------+
; reg_1.sv                         ; yes             ; User SystemVerilog HDL File  ; C:/Users/megge/Documents/GitHub/ECE385/Multiplier/reg_1.sv         ;         ;
; bit_9_adder.sv                   ; yes             ; User SystemVerilog HDL File  ; C:/Users/megge/Documents/GitHub/ECE385/Multiplier/bit_9_adder.sv   ;         ;
; Processor.sv                     ; yes             ; User SystemVerilog HDL File  ; C:/Users/megge/Documents/GitHub/ECE385/Multiplier/Processor.sv     ;         ;
; Control.sv                       ; yes             ; User SystemVerilog HDL File  ; C:/Users/megge/Documents/GitHub/ECE385/Multiplier/Control.sv       ;         ;
; Synchronizers.sv                 ; yes             ; User SystemVerilog HDL File  ; C:/Users/megge/Documents/GitHub/ECE385/Multiplier/Synchronizers.sv ;         ;
; HexDriver.sv                     ; yes             ; User SystemVerilog HDL File  ; C:/Users/megge/Documents/GitHub/ECE385/Multiplier/HexDriver.sv     ;         ;
; reg_8.sv                         ; yes             ; User SystemVerilog HDL File  ; C:/Users/megge/Documents/GitHub/ECE385/Multiplier/reg_8.sv         ;         ;
+----------------------------------+-----------------+------------------------------+--------------------------------------------------------------------+---------+


+---------------------------------------------------------+
; Analysis & Synthesis Resource Usage Summary             ;
+---------------------------------------------+-----------+
; Resource                                    ; Usage     ;
+---------------------------------------------+-----------+
; Estimated Total logic elements              ; 126       ;
;                                             ;           ;
; Total combinational functions               ; 118       ;
; Logic element usage by number of LUT inputs ;           ;
;     -- 4 input functions                    ; 64        ;
;     -- 3 input functions                    ; 40        ;
;     -- <=2 input functions                  ; 14        ;
;                                             ;           ;
; Logic elements by mode                      ;           ;
;     -- normal mode                          ; 118       ;
;     -- arithmetic mode                      ; 0         ;
;                                             ;           ;
; Total registers                             ; 48        ;
;     -- Dedicated logic registers            ; 48        ;
;     -- I/O registers                        ; 0         ;
;                                             ;           ;
; I/O pins                                    ; 60        ;
;                                             ;           ;
; Embedded Multiplier 9-bit elements          ; 0         ;
;                                             ;           ;
; Maximum fan-out node                        ; clk~input ;
; Maximum fan-out                             ; 48        ;
; Total fan-out                               ; 661       ;
; Average fan-out                             ; 2.31      ;
+---------------------------------------------+-----------+


+----------------------------------------------------------------------------------------------------------------------------------------------------------------------------------------------------------------------------------------------------------------------------+
; Analysis & Synthesis Resource Utilization by Entity                                                                                                                                                                                                                        ;
+------------------------------------+---------------------+---------------------------+-------------+--------------+---------+-----------+------+--------------+------------------------------------------------------------------------------+--------------+--------------+
; Compilation Hierarchy Node         ; Combinational ALUTs ; Dedicated Logic Registers ; Memory Bits ; DSP Elements ; DSP 9x9 ; DSP 18x18 ; Pins ; Virtual Pins ; Full Hierarchy Name                                                          ; Entity Name  ; Library Name ;
+------------------------------------+---------------------+---------------------------+-------------+--------------+---------+-----------+------+--------------+------------------------------------------------------------------------------+--------------+--------------+
; |Processor                         ; 118 (2)             ; 48 (0)                    ; 0           ; 0            ; 0       ; 0         ; 60   ; 0            ; |Processor                                                                   ; Processor    ; work         ;
;    |HexDriver:HexAL|               ; 7 (7)               ; 0 (0)                     ; 0           ; 0            ; 0       ; 0         ; 0    ; 0            ; |Processor|HexDriver:HexAL                                                   ; HexDriver    ; work         ;
;    |HexDriver:HexAU|               ; 7 (7)               ; 0 (0)                     ; 0           ; 0            ; 0       ; 0         ; 0    ; 0            ; |Processor|HexDriver:HexAU                                                   ; HexDriver    ; work         ;
;    |HexDriver:HexBL|               ; 7 (7)               ; 0 (0)                     ; 0           ; 0            ; 0       ; 0         ; 0    ; 0            ; |Processor|HexDriver:HexBL                                                   ; HexDriver    ; work         ;
;    |HexDriver:HexBU|               ; 7 (7)               ; 0 (0)                     ; 0           ; 0            ; 0       ; 0         ; 0    ; 0            ; |Processor|HexDriver:HexBU                                                   ; HexDriver    ; work         ;
;    |bit_9:my_favorite_adder|       ; 39 (1)              ; 0 (0)                     ; 0           ; 0            ; 0       ; 0         ; 0    ; 0            ; |Processor|bit_9:my_favorite_adder                                           ; bit_9        ; work         ;
;       |ripple_adder:adder|         ; 18 (0)              ; 0 (0)                     ; 0           ; 0            ; 0       ; 0         ; 0    ; 0            ; |Processor|bit_9:my_favorite_adder|ripple_adder:adder                        ; ripple_adder ; work         ;
;          |full_adder:FA1|          ; 2 (2)               ; 0 (0)                     ; 0           ; 0            ; 0       ; 0         ; 0    ; 0            ; |Processor|bit_9:my_favorite_adder|ripple_adder:adder|full_adder:FA1         ; full_adder   ; work         ;
;          |full_adder:FA2|          ; 1 (1)               ; 0 (0)                     ; 0           ; 0            ; 0       ; 0         ; 0    ; 0            ; |Processor|bit_9:my_favorite_adder|ripple_adder:adder|full_adder:FA2         ; full_adder   ; work         ;
;          |full_adder:FA3|          ; 5 (5)               ; 0 (0)                     ; 0           ; 0            ; 0       ; 0         ; 0    ; 0            ; |Processor|bit_9:my_favorite_adder|ripple_adder:adder|full_adder:FA3         ; full_adder   ; work         ;
;          |full_adder:FA4|          ; 2 (2)               ; 0 (0)                     ; 0           ; 0            ; 0       ; 0         ; 0    ; 0            ; |Processor|bit_9:my_favorite_adder|ripple_adder:adder|full_adder:FA4         ; full_adder   ; work         ;
;          |full_adder:FA5|          ; 1 (1)               ; 0 (0)                     ; 0           ; 0            ; 0       ; 0         ; 0    ; 0            ; |Processor|bit_9:my_favorite_adder|ripple_adder:adder|full_adder:FA5         ; full_adder   ; work         ;
;          |full_adder:FA6|          ; 5 (5)               ; 0 (0)                     ; 0           ; 0            ; 0       ; 0         ; 0    ; 0            ; |Processor|bit_9:my_favorite_adder|ripple_adder:adder|full_adder:FA6         ; full_adder   ; work         ;
;          |full_adder:FA7|          ; 1 (1)               ; 0 (0)                     ; 0           ; 0            ; 0       ; 0         ; 0    ; 0            ; |Processor|bit_9:my_favorite_adder|ripple_adder:adder|full_adder:FA7         ; full_adder   ; work         ;
;          |full_adder:FA8|          ; 1 (1)               ; 0 (0)                     ; 0           ; 0            ; 0       ; 0         ; 0    ; 0            ; |Processor|bit_9:my_favorite_adder|ripple_adder:adder|full_adder:FA8         ; full_adder   ; work         ;
;       |ripple_adder:negativeadder| ; 6 (0)               ; 0 (0)                     ; 0           ; 0            ; 0       ; 0         ; 0    ; 0            ; |Processor|bit_9:my_favorite_adder|ripple_adder:negativeadder                ; ripple_adder ; work         ;
;          |full_adder:FA1|          ; 1 (1)               ; 0 (0)                     ; 0           ; 0            ; 0       ; 0         ; 0    ; 0            ; |Processor|bit_9:my_favorite_adder|ripple_adder:negativeadder|full_adder:FA1 ; full_adder   ; work         ;
;          |full_adder:FA2|          ; 1 (1)               ; 0 (0)                     ; 0           ; 0            ; 0       ; 0         ; 0    ; 0            ; |Processor|bit_9:my_favorite_adder|ripple_adder:negativeadder|full_adder:FA2 ; full_adder   ; work         ;
;          |full_adder:FA3|          ; 1 (1)               ; 0 (0)                     ; 0           ; 0            ; 0       ; 0         ; 0    ; 0            ; |Processor|bit_9:my_favorite_adder|ripple_adder:negativeadder|full_adder:FA3 ; full_adder   ; work         ;
;          |full_adder:FA4|          ; 1 (1)               ; 0 (0)                     ; 0           ; 0            ; 0       ; 0         ; 0    ; 0            ; |Processor|bit_9:my_favorite_adder|ripple_adder:negativeadder|full_adder:FA4 ; full_adder   ; work         ;
;          |full_adder:FA5|          ; 1 (1)               ; 0 (0)                     ; 0           ; 0            ; 0       ; 0         ; 0    ; 0            ; |Processor|bit_9:my_favorite_adder|ripple_adder:negativeadder|full_adder:FA5 ; full_adder   ; work         ;
;          |full_adder:FA6|          ; 1 (1)               ; 0 (0)                     ; 0           ; 0            ; 0       ; 0         ; 0    ; 0            ; |Processor|bit_9:my_favorite_adder|ripple_adder:negativeadder|full_adder:FA6 ; full_adder   ; work         ;
;       |ripple_adder:subtractor|    ; 14 (0)              ; 0 (0)                     ; 0           ; 0            ; 0       ; 0         ; 0    ; 0            ; |Processor|bit_9:my_favorite_adder|ripple_adder:subtractor                   ; ripple_adder ; work         ;
;          |full_adder:FA1|          ; 2 (2)               ; 0 (0)                     ; 0           ; 0            ; 0       ; 0         ; 0    ; 0            ; |Processor|bit_9:my_favorite_adder|ripple_adder:subtractor|full_adder:FA1    ; full_adder   ; work         ;
;          |full_adder:FA2|          ; 2 (2)               ; 0 (0)                     ; 0           ; 0            ; 0       ; 0         ; 0    ; 0            ; |Processor|bit_9:my_favorite_adder|ripple_adder:subtractor|full_adder:FA2    ; full_adder   ; work         ;
;          |full_adder:FA3|          ; 2 (2)               ; 0 (0)                     ; 0           ; 0            ; 0       ; 0         ; 0    ; 0            ; |Processor|bit_9:my_favorite_adder|ripple_adder:subtractor|full_adder:FA3    ; full_adder   ; work         ;
;          |full_adder:FA4|          ; 2 (2)               ; 0 (0)                     ; 0           ; 0            ; 0       ; 0         ; 0    ; 0            ; |Processor|bit_9:my_favorite_adder|ripple_adder:subtractor|full_adder:FA4    ; full_adder   ; work         ;
;          |full_adder:FA5|          ; 2 (2)               ; 0 (0)                     ; 0           ; 0            ; 0       ; 0         ; 0    ; 0            ; |Processor|bit_9:my_favorite_adder|ripple_adder:subtractor|full_adder:FA5    ; full_adder   ; work         ;
;          |full_adder:FA6|          ; 2 (2)               ; 0 (0)                     ; 0           ; 0            ; 0       ; 0         ; 0    ; 0            ; |Processor|bit_9:my_favorite_adder|ripple_adder:subtractor|full_adder:FA6    ; full_adder   ; work         ;
;          |full_adder:FA7|          ; 1 (1)               ; 0 (0)                     ; 0           ; 0            ; 0       ; 0         ; 0    ; 0            ; |Processor|bit_9:my_favorite_adder|ripple_adder:subtractor|full_adder:FA7    ; full_adder   ; work         ;
;          |full_adder:FA8|          ; 1 (1)               ; 0 (0)                     ; 0           ; 0            ; 0       ; 0         ; 0    ; 0            ; |Processor|bit_9:my_favorite_adder|ripple_adder:subtractor|full_adder:FA8    ; full_adder   ; work         ;
;    |control:control_unit|          ; 26 (26)             ; 20 (20)                   ; 0           ; 0            ; 0       ; 0         ; 0    ; 0            ; |Processor|control:control_unit                                              ; control      ; work         ;
;    |reg_1:reg_x|                   ; 1 (1)               ; 1 (1)                     ; 0           ; 0            ; 0       ; 0         ; 0    ; 0            ; |Processor|reg_1:reg_x                                                       ; reg_1        ; work         ;
;    |reg_8:reg_a|                   ; 10 (10)             ; 8 (8)                     ; 0           ; 0            ; 0       ; 0         ; 0    ; 0            ; |Processor|reg_8:reg_a                                                       ; reg_8        ; work         ;
;    |reg_8:reg_b|                   ; 9 (9)               ; 8 (8)                     ; 0           ; 0            ; 0       ; 0         ; 0    ; 0            ; |Processor|reg_8:reg_b                                                       ; reg_8        ; work         ;
;    |sync:buttons_sync[0]|          ; 1 (1)               ; 1 (1)                     ; 0           ; 0            ; 0       ; 0         ; 0    ; 0            ; |Processor|sync:buttons_sync[0]                                              ; sync         ; work         ;
;    |sync:buttons_sync[1]|          ; 1 (1)               ; 1 (1)                     ; 0           ; 0            ; 0       ; 0         ; 0    ; 0            ; |Processor|sync:buttons_sync[1]                                              ; sync         ; work         ;
;    |sync:buttons_sync[2]|          ; 1 (1)               ; 1 (1)                     ; 0           ; 0            ; 0       ; 0         ; 0    ; 0            ; |Processor|sync:buttons_sync[2]                                              ; sync         ; work         ;
;    |sync:s_sync[0]|                ; 0 (0)               ; 1 (1)                     ; 0           ; 0            ; 0       ; 0         ; 0    ; 0            ; |Processor|sync:s_sync[0]                                                    ; sync         ; work         ;
;    |sync:s_sync[1]|                ; 0 (0)               ; 1 (1)                     ; 0           ; 0            ; 0       ; 0         ; 0    ; 0            ; |Processor|sync:s_sync[1]                                                    ; sync         ; work         ;
;    |sync:s_sync[2]|                ; 0 (0)               ; 1 (1)                     ; 0           ; 0            ; 0       ; 0         ; 0    ; 0            ; |Processor|sync:s_sync[2]                                                    ; sync         ; work         ;
;    |sync:s_sync[3]|                ; 0 (0)               ; 1 (1)                     ; 0           ; 0            ; 0       ; 0         ; 0    ; 0            ; |Processor|sync:s_sync[3]                                                    ; sync         ; work         ;
;    |sync:s_sync[4]|                ; 0 (0)               ; 1 (1)                     ; 0           ; 0            ; 0       ; 0         ; 0    ; 0            ; |Processor|sync:s_sync[4]                                                    ; sync         ; work         ;
;    |sync:s_sync[5]|                ; 0 (0)               ; 1 (1)                     ; 0           ; 0            ; 0       ; 0         ; 0    ; 0            ; |Processor|sync:s_sync[5]                                                    ; sync         ; work         ;
;    |sync:s_sync[6]|                ; 0 (0)               ; 1 (1)                     ; 0           ; 0            ; 0       ; 0         ; 0    ; 0            ; |Processor|sync:s_sync[6]                                                    ; sync         ; work         ;
;    |sync:s_sync[7]|                ; 0 (0)               ; 1 (1)                     ; 0           ; 0            ; 0       ; 0         ; 0    ; 0            ; |Processor|sync:s_sync[7]                                                    ; sync         ; work         ;
+------------------------------------+---------------------+---------------------------+-------------+--------------+---------+-----------+------+--------------+------------------------------------------------------------------------------+--------------+--------------+
Note: For table entries with two numbers listed, the numbers in parentheses indicate the number of resources of the given type used by the specific entity alone. The numbers listed outside of parentheses indicate the total resources of the given type used by the specific entity and all of its sub-entities in the hierarchy.


Encoding Type:  One-Hot
+---------------------------------------------------------------------------------------------------------------------------------------------------------------------------------------------------------------------------------------------------------------------------------------------------------------------------------------------------------------------------------------------------------------------+
; State Machine - |Processor|control:control_unit|curr_state                                                                                                                                                                                                                                                                                                                                                          ;
+----------------------+-------------------+-------------------+-------------------+-------------------+-------------------+-------------------+-------------------+-------------------+-----------------+-----------------+-----------------+-----------------+-----------------+-----------------+-----------------+-----------------+----------------------+-----------------+------------------+------------------+
; Name                 ; curr_state.Shift8 ; curr_state.Shift7 ; curr_state.Shift6 ; curr_state.Shift5 ; curr_state.Shift4 ; curr_state.Shift3 ; curr_state.Shift2 ; curr_state.Shift1 ; curr_state.Sub8 ; curr_state.Add7 ; curr_state.Add6 ; curr_state.Add5 ; curr_state.Add4 ; curr_state.Add3 ; curr_state.Add2 ; curr_state.Add1 ; curr_state.ClearLoad ; curr_state.Halt ; curr_state.Clear ; curr_state.Start ;
+----------------------+-------------------+-------------------+-------------------+-------------------+-------------------+-------------------+-------------------+-------------------+-----------------+-----------------+-----------------+-----------------+-----------------+-----------------+-----------------+-----------------+----------------------+-----------------+------------------+------------------+
; curr_state.Start     ; 0                 ; 0                 ; 0                 ; 0                 ; 0                 ; 0                 ; 0                 ; 0                 ; 0               ; 0               ; 0               ; 0               ; 0               ; 0               ; 0               ; 0               ; 0                    ; 0               ; 0                ; 0                ;
; curr_state.Clear     ; 0                 ; 0                 ; 0                 ; 0                 ; 0                 ; 0                 ; 0                 ; 0                 ; 0               ; 0               ; 0               ; 0               ; 0               ; 0               ; 0               ; 0               ; 0                    ; 0               ; 1                ; 1                ;
; curr_state.Halt      ; 0                 ; 0                 ; 0                 ; 0                 ; 0                 ; 0                 ; 0                 ; 0                 ; 0               ; 0               ; 0               ; 0               ; 0               ; 0               ; 0               ; 0               ; 0                    ; 1               ; 0                ; 1                ;
; curr_state.ClearLoad ; 0                 ; 0                 ; 0                 ; 0                 ; 0                 ; 0                 ; 0                 ; 0                 ; 0               ; 0               ; 0               ; 0               ; 0               ; 0               ; 0               ; 0               ; 1                    ; 0               ; 0                ; 1                ;
; curr_state.Add1      ; 0                 ; 0                 ; 0                 ; 0                 ; 0                 ; 0                 ; 0                 ; 0                 ; 0               ; 0               ; 0               ; 0               ; 0               ; 0               ; 0               ; 1               ; 0                    ; 0               ; 0                ; 1                ;
; curr_state.Add2      ; 0                 ; 0                 ; 0                 ; 0                 ; 0                 ; 0                 ; 0                 ; 0                 ; 0               ; 0               ; 0               ; 0               ; 0               ; 0               ; 1               ; 0               ; 0                    ; 0               ; 0                ; 1                ;
; curr_state.Add3      ; 0                 ; 0                 ; 0                 ; 0                 ; 0                 ; 0                 ; 0                 ; 0                 ; 0               ; 0               ; 0               ; 0               ; 0               ; 1               ; 0               ; 0               ; 0                    ; 0               ; 0                ; 1                ;
; curr_state.Add4      ; 0                 ; 0                 ; 0                 ; 0                 ; 0                 ; 0                 ; 0                 ; 0                 ; 0               ; 0               ; 0               ; 0               ; 1               ; 0               ; 0               ; 0               ; 0                    ; 0               ; 0                ; 1                ;
; curr_state.Add5      ; 0                 ; 0                 ; 0                 ; 0                 ; 0                 ; 0                 ; 0                 ; 0                 ; 0               ; 0               ; 0               ; 1               ; 0               ; 0               ; 0               ; 0               ; 0                    ; 0               ; 0                ; 1                ;
; curr_state.Add6      ; 0                 ; 0                 ; 0                 ; 0                 ; 0                 ; 0                 ; 0                 ; 0                 ; 0               ; 0               ; 1               ; 0               ; 0               ; 0               ; 0               ; 0               ; 0                    ; 0               ; 0                ; 1                ;
; curr_state.Add7      ; 0                 ; 0                 ; 0                 ; 0                 ; 0                 ; 0                 ; 0                 ; 0                 ; 0               ; 1               ; 0               ; 0               ; 0               ; 0               ; 0               ; 0               ; 0                    ; 0               ; 0                ; 1                ;
; curr_state.Sub8      ; 0                 ; 0                 ; 0                 ; 0                 ; 0                 ; 0                 ; 0                 ; 0                 ; 1               ; 0               ; 0               ; 0               ; 0               ; 0               ; 0               ; 0               ; 0                    ; 0               ; 0                ; 1                ;
; curr_state.Shift1    ; 0                 ; 0                 ; 0                 ; 0                 ; 0                 ; 0                 ; 0                 ; 1                 ; 0               ; 0               ; 0               ; 0               ; 0               ; 0               ; 0               ; 0               ; 0                    ; 0               ; 0                ; 1                ;
; curr_state.Shift2    ; 0                 ; 0                 ; 0                 ; 0                 ; 0                 ; 0                 ; 1                 ; 0                 ; 0               ; 0               ; 0               ; 0               ; 0               ; 0               ; 0               ; 0               ; 0                    ; 0               ; 0                ; 1                ;
; curr_state.Shift3    ; 0                 ; 0                 ; 0                 ; 0                 ; 0                 ; 1                 ; 0                 ; 0                 ; 0               ; 0               ; 0               ; 0               ; 0               ; 0               ; 0               ; 0               ; 0                    ; 0               ; 0                ; 1                ;
; curr_state.Shift4    ; 0                 ; 0                 ; 0                 ; 0                 ; 1                 ; 0                 ; 0                 ; 0                 ; 0               ; 0               ; 0               ; 0               ; 0               ; 0               ; 0               ; 0               ; 0                    ; 0               ; 0                ; 1                ;
; curr_state.Shift5    ; 0                 ; 0                 ; 0                 ; 1                 ; 0                 ; 0                 ; 0                 ; 0                 ; 0               ; 0               ; 0               ; 0               ; 0               ; 0               ; 0               ; 0               ; 0                    ; 0               ; 0                ; 1                ;
; curr_state.Shift6    ; 0                 ; 0                 ; 1                 ; 0                 ; 0                 ; 0                 ; 0                 ; 0                 ; 0               ; 0               ; 0               ; 0               ; 0               ; 0               ; 0               ; 0               ; 0                    ; 0               ; 0                ; 1                ;
; curr_state.Shift7    ; 0                 ; 1                 ; 0                 ; 0                 ; 0                 ; 0                 ; 0                 ; 0                 ; 0               ; 0               ; 0               ; 0               ; 0               ; 0               ; 0               ; 0               ; 0                    ; 0               ; 0                ; 1                ;
; curr_state.Shift8    ; 1                 ; 0                 ; 0                 ; 0                 ; 0                 ; 0                 ; 0                 ; 0                 ; 0               ; 0               ; 0               ; 0               ; 0               ; 0               ; 0               ; 0               ; 0                    ; 0               ; 0                ; 1                ;
+----------------------+-------------------+-------------------+-------------------+-------------------+-------------------+-------------------+-------------------+-------------------+-----------------+-----------------+-----------------+-----------------+-----------------+-----------------+-----------------+-----------------+----------------------+-----------------+------------------+------------------+


+------------------------------------------------------------+
; Registers Removed During Synthesis                         ;
+---------------------------------------+--------------------+
; Register name                         ; Reason for Removal ;
+---------------------------------------+--------------------+
; control:control_unit|curr_state~2     ; Lost fanout        ;
; control:control_unit|curr_state~3     ; Lost fanout        ;
; control:control_unit|curr_state~4     ; Lost fanout        ;
; control:control_unit|curr_state~5     ; Lost fanout        ;
; control:control_unit|curr_state~6     ; Lost fanout        ;
; Total Number of Removed Registers = 5 ;                    ;
+---------------------------------------+--------------------+


+------------------------------------------------------+
; General Register Statistics                          ;
+----------------------------------------------+-------+
; Statistic                                    ; Value ;
+----------------------------------------------+-------+
; Total registers                              ; 48    ;
; Number of registers using Synchronous Clear  ; 25    ;
; Number of registers using Synchronous Load   ; 8     ;
; Number of registers using Asynchronous Clear ; 0     ;
; Number of registers using Asynchronous Load  ; 0     ;
; Number of registers using Clock Enable       ; 15    ;
; Number of registers using Preset             ; 0     ;
+----------------------------------------------+-------+


+----------------------------------------------------------------------------------------------------------------------------------------------------------+
; Multiplexer Restructuring Statistics (Restructuring Performed)                                                                                           ;
+--------------------+-----------+---------------+----------------------+------------------------+------------+--------------------------------------------+
; Multiplexer Inputs ; Bus Width ; Baseline Area ; Area if Restructured ; Saving if Restructured ; Registered ; Example Multiplexer Output                 ;
+--------------------+-----------+---------------+----------------------+------------------------+------------+--------------------------------------------+
; 4:1                ; 8 bits    ; 16 LEs        ; 16 LEs               ; 0 LEs                  ; Yes        ; |Processor|reg_8:reg_b|dout[7]             ;
; 5:1                ; 7 bits    ; 21 LEs        ; 14 LEs               ; 7 LEs                  ; Yes        ; |Processor|reg_8:reg_a|dout[4]             ;
; 3:1                ; 2 bits    ; 4 LEs         ; 4 LEs                ; 0 LEs                  ; No         ; |Processor|control:control_unit|next_state ;
+--------------------+-----------+---------------+----------------------+------------------------+------------+--------------------------------------------+


+-----------------------------------------------------------------------------------------------+
; Port Connectivity Checks: "bit_9:my_favorite_adder|ripple_adder:negativeadder|full_adder:FA8" ;
+------+--------+----------+--------------------------------------------------------------------+
; Port ; Type   ; Severity ; Details                                                            ;
+------+--------+----------+--------------------------------------------------------------------+
; c    ; Output ; Info     ; Explicitly unconnected                                             ;
+------+--------+----------+--------------------------------------------------------------------+


+-----------------------------------------------------------------------------------------------+
; Port Connectivity Checks: "bit_9:my_favorite_adder|ripple_adder:negativeadder|full_adder:FA0" ;
+------+-------+----------+---------------------------------------------------------------------+
; Port ; Type  ; Severity ; Details                                                             ;
+------+-------+----------+---------------------------------------------------------------------+
; z    ; Input ; Info     ; Stuck at GND                                                        ;
+------+-------+----------+---------------------------------------------------------------------+


+--------------------------------------------------------------------------------+
; Port Connectivity Checks: "bit_9:my_favorite_adder|ripple_adder:negativeadder" ;
+---------+-------+----------+---------------------------------------------------+
; Port    ; Type  ; Severity ; Details                                           ;
+---------+-------+----------+---------------------------------------------------+
; B[8..1] ; Input ; Info     ; Stuck at GND                                      ;
; B[0]    ; Input ; Info     ; Stuck at VCC                                      ;
+---------+-------+----------+---------------------------------------------------+


+--------------------------------------------------------+
; Port Connectivity Checks: "reg_8:reg_b"                ;
+-----------+--------+----------+------------------------+
; Port      ; Type   ; Severity ; Details                ;
+-----------+--------+----------+------------------------+
; shift_out ; Output ; Info     ; Explicitly unconnected ;
+-----------+--------+----------+------------------------+


+-----------------------------------------------------+
; Post-Synthesis Netlist Statistics for Top Partition ;
+-----------------------+-----------------------------+
; Type                  ; Count                       ;
+-----------------------+-----------------------------+
; boundary_port         ; 60                          ;
; cycloneiii_ff         ; 48                          ;
;     ENA SCLR          ; 8                           ;
;     ENA SCLR SLD      ; 7                           ;
;     SCLR              ; 9                           ;
;     SCLR SLD          ; 1                           ;
;     plain             ; 23                          ;
; cycloneiii_lcell_comb ; 123                         ;
;     normal            ; 123                         ;
;         1 data inputs ; 8                           ;
;         2 data inputs ; 11                          ;
;         3 data inputs ; 40                          ;
;         4 data inputs ; 64                          ;
;                       ;                             ;
; Max LUT depth         ; 7.00                        ;
; Average LUT depth     ; 2.75                        ;
+-----------------------+-----------------------------+


+-------------------------------+
; Elapsed Time Per Partition    ;
+----------------+--------------+
; Partition Name ; Elapsed Time ;
+----------------+--------------+
; Top            ; 00:00:01     ;
+----------------+--------------+


+-------------------------------+
; Analysis & Synthesis Messages ;
+-------------------------------+
Info: *******************************************************************
Info: Running Quartus Prime Analysis & Synthesis
    Info: Version 18.0.0 Build 614 04/24/2018 SJ Lite Edition
    Info: Processing started: Mon Feb 24 16:14:49 2020
Info: Command: quartus_map --read_settings_files=on --write_settings_files=off Multiplier -c Multiplier
Info (20032): Parallel compilation is enabled and will use up to 2 processors
Info (12021): Found 1 design units, including 1 entities, in source file reg_1.sv
    Info (12023): Found entity 1: reg_1 File: C:/Users/megge/Documents/GitHub/ECE385/Multiplier/reg_1.sv Line: 1
Info (12021): Found 1 design units, including 1 entities, in source file testbench.sv
    Info (12023): Found entity 1: testbench File: C:/Users/megge/Documents/GitHub/ECE385/Multiplier/testbench.sv Line: 1
Info (12021): Found 3 design units, including 3 entities, in source file bit_9_adder.sv
    Info (12023): Found entity 1: bit_9 File: C:/Users/megge/Documents/GitHub/ECE385/Multiplier/bit_9_adder.sv Line: 1
    Info (12023): Found entity 2: full_adder File: C:/Users/megge/Documents/GitHub/ECE385/Multiplier/bit_9_adder.sv Line: 37
    Info (12023): Found entity 3: ripple_adder File: C:/Users/megge/Documents/GitHub/ECE385/Multiplier/bit_9_adder.sv Line: 46
Info (12021): Found 1 design units, including 1 entities, in source file processor.sv
    Info (12023): Found entity 1: Processor File: C:/Users/megge/Documents/GitHub/ECE385/Multiplier/Processor.sv Line: 2
Info (12021): Found 1 design units, including 1 entities, in source file control.sv
    Info (12023): Found entity 1: control File: C:/Users/megge/Documents/GitHub/ECE385/Multiplier/Control.sv Line: 1
Info (12021): Found 1 design units, including 1 entities, in source file synchronizers.sv
    Info (12023): Found entity 1: sync File: C:/Users/megge/Documents/GitHub/ECE385/Multiplier/Synchronizers.sv Line: 2
Info (12021): Found 1 design units, including 1 entities, in source file hexdriver.sv
    Info (12023): Found entity 1: HexDriver File: C:/Users/megge/Documents/GitHub/ECE385/Multiplier/HexDriver.sv Line: 1
Info (12021): Found 1 design units, including 1 entities, in source file reg_8.sv
    Info (12023): Found entity 1: reg_8 File: C:/Users/megge/Documents/GitHub/ECE385/Multiplier/reg_8.sv Line: 1
Info (12127): Elaborating entity "Processor" for the top level hierarchy
Info (12128): Elaborating entity "reg_1" for hierarchy "reg_1:reg_x" File: C:/Users/megge/Documents/GitHub/ECE385/Multiplier/Processor.sv Line: 23
Info (12128): Elaborating entity "reg_8" for hierarchy "reg_8:reg_a" File: C:/Users/megge/Documents/GitHub/ECE385/Multiplier/Processor.sv Line: 26
Info (12128): Elaborating entity "bit_9" for hierarchy "bit_9:my_favorite_adder" File: C:/Users/megge/Documents/GitHub/ECE385/Multiplier/Processor.sv Line: 30
Info (12128): Elaborating entity "ripple_adder" for hierarchy "bit_9:my_favorite_adder|ripple_adder:negativeadder" File: C:/Users/megge/Documents/GitHub/ECE385/Multiplier/bit_9_adder.sv Line: 14
Info (12128): Elaborating entity "full_adder" for hierarchy "bit_9:my_favorite_adder|ripple_adder:negativeadder|full_adder:FA0" File: C:/Users/megge/Documents/GitHub/ECE385/Multiplier/bit_9_adder.sv Line: 54
Info (12128): Elaborating entity "control" for hierarchy "control:control_unit" File: C:/Users/megge/Documents/GitHub/ECE385/Multiplier/Processor.sv Line: 44
Info (12128): Elaborating entity "HexDriver" for hierarchy "HexDriver:HexAL" File: C:/Users/megge/Documents/GitHub/ECE385/Multiplier/Processor.sv Line: 47
Info (12128): Elaborating entity "sync" for hierarchy "sync:buttons_sync[0]" File: C:/Users/megge/Documents/GitHub/ECE385/Multiplier/Processor.sv Line: 53
Info (286030): Timing-Driven Synthesis is running
Info (17049): 5 registers lost all their fanouts during netlist optimizations.
Info (144001): Generated suppressed messages file C:/Users/megge/Documents/GitHub/ECE385/Multiplier/output_files/Multiplier.map.smsg
Info (16010): Generating hard_block partition "hard_block:auto_generated_inst"
    Info (16011): Adding 0 node(s), including 0 DDIO, 0 PLL, 0 transceiver and 0 LCELL
Info (21057): Implemented 186 device resources after synthesis - the final resource count might be different
    Info (21058): Implemented 12 input pins
    Info (21059): Implemented 48 output pins
    Info (21061): Implemented 126 logic cells
Info: Quartus Prime Analysis & Synthesis was successful. 0 errors, 0 warnings
    Info: Peak virtual memory: 4765 megabytes
    Info: Processing ended: Mon Feb 24 16:15:06 2020
    Info: Elapsed time: 00:00:17
    Info: Total CPU time (on all processors): 00:00:37


+------------------------------------------+
; Analysis & Synthesis Suppressed Messages ;
+------------------------------------------+
The suppressed messages can be found in C:/Users/megge/Documents/GitHub/ECE385/Multiplier/output_files/Multiplier.map.smsg.


