EDA Netlist Writer report for Multiplier
Mon Feb 24 13:32:27 2020
Quartus Prime Version 18.0.0 Build 614 04/24/2018 SJ Lite Edition


---------------------
; Table of Contents ;
---------------------
  1. Legal Notice
  2. EDA Netlist Writer Summary
  3. Simulation Settings
  4. Simulation Generated Files
  5. EDA Netlist Writer Messages



----------------
; Legal Notice ;
----------------
Copyright (C) 2018  Intel Corporation. All rights reserved.
Your use of Intel Corporation's design tools, logic functions 
and other software and tools, and its AMPP partner logic 
functions, and any output files from any of the foregoing 
(including device programming or simulation files), and any 
associated documentation or information are expressly subject 
to the terms and conditions of the Intel Program License 
Subscription Agreement, the Intel Quartus Prime License Agreement,
the Intel FPGA IP License Agreement, or other applicable license
agreement, including, without limitation, that your use is for
the sole purpose of programming logic devices manufactured by
Intel and sold by Intel or its authorized distributors.  Please
refer to the applicable agreement for further details.



+-------------------------------------------------------------------+
; EDA Netlist Writer Summary                                        ;
+---------------------------+---------------------------------------+
; EDA Netlist Writer Status ; Successful - Mon Feb 24 13:32:27 2020 ;
; Revision Name             ; Multiplier                            ;
; Top-level Entity Name     ; Processor                             ;
; Family                    ; Cyclone IV E                          ;
; Simulation Files Creation ; Successful                            ;
+---------------------------+---------------------------------------+


+-------------------------------------------------------------------------------------------------------------------------------------+
; Simulation Settings                                                                                                                 ;
+---------------------------------------------------------------------------------------------------+---------------------------------+
; Option                                                                                            ; Setting                         ;
+---------------------------------------------------------------------------------------------------+---------------------------------+
; Tool Name                                                                                         ; ModelSim-Altera (SystemVerilog) ;
; Generate functional simulation netlist                                                            ; Off                             ;
; Time scale                                                                                        ; 1 ps                            ;
; Truncate long hierarchy paths                                                                     ; Off                             ;
; Map illegal HDL characters                                                                        ; Off                             ;
; Flatten buses into individual nodes                                                               ; Off                             ;
; Maintain hierarchy                                                                                ; Off                             ;
; Bring out device-wide set/reset signals as ports                                                  ; Off                             ;
; Enable glitch filtering                                                                           ; Off                             ;
; Do not write top level VHDL entity                                                                ; Off                             ;
; Disable detection of setup and hold time violations in the input registers of bi-directional pins ; Off                             ;
; Architecture name in VHDL output netlist                                                          ; structure                       ;
; Generate third-party EDA tool command script for RTL functional simulation                        ; Off                             ;
; Generate third-party EDA tool command script for gate-level simulation                            ; Off                             ;
+---------------------------------------------------------------------------------------------------+---------------------------------+


+-----------------------------------------------------------------------------------------------------------+
; Simulation Generated Files                                                                                ;
+-----------------------------------------------------------------------------------------------------------+
; Generated Files                                                                                           ;
+-----------------------------------------------------------------------------------------------------------+
; C:/Users/megge/Documents/GitHub/ECE385/Multiplier/simulation/modelsim/Multiplier_7_1200mv_85c_slow.svo    ;
; C:/Users/megge/Documents/GitHub/ECE385/Multiplier/simulation/modelsim/Multiplier_7_1200mv_0c_slow.svo     ;
; C:/Users/megge/Documents/GitHub/ECE385/Multiplier/simulation/modelsim/Multiplier_min_1200mv_0c_fast.svo   ;
; C:/Users/megge/Documents/GitHub/ECE385/Multiplier/simulation/modelsim/Multiplier.svo                      ;
; C:/Users/megge/Documents/GitHub/ECE385/Multiplier/simulation/modelsim/Multiplier_7_1200mv_85c_v_slow.sdo  ;
; C:/Users/megge/Documents/GitHub/ECE385/Multiplier/simulation/modelsim/Multiplier_7_1200mv_0c_v_slow.sdo   ;
; C:/Users/megge/Documents/GitHub/ECE385/Multiplier/simulation/modelsim/Multiplier_min_1200mv_0c_v_fast.sdo ;
; C:/Users/megge/Documents/GitHub/ECE385/Multiplier/simulation/modelsim/Multiplier_v.sdo                    ;
+-----------------------------------------------------------------------------------------------------------+


+-----------------------------+
; EDA Netlist Writer Messages ;
+-----------------------------+
Info: *******************************************************************
Info: Running Quartus Prime EDA Netlist Writer
    Info: Version 18.0.0 Build 614 04/24/2018 SJ Lite Edition
    Info: Processing started: Mon Feb 24 13:32:25 2020
Info: Command: quartus_eda --read_settings_files=off --write_settings_files=off Multiplier -c Multiplier
Info (204019): Generated file Multiplier_7_1200mv_85c_slow.svo in folder "C:/Users/megge/Documents/GitHub/ECE385/Multiplier/simulation/modelsim/" for EDA simulation tool
Info (204019): Generated file Multiplier_7_1200mv_0c_slow.svo in folder "C:/Users/megge/Documents/GitHub/ECE385/Multiplier/simulation/modelsim/" for EDA simulation tool
Info (204019): Generated file Multiplier_min_1200mv_0c_fast.svo in folder "C:/Users/megge/Documents/GitHub/ECE385/Multiplier/simulation/modelsim/" for EDA simulation tool
Info (204019): Generated file Multiplier.svo in folder "C:/Users/megge/Documents/GitHub/ECE385/Multiplier/simulation/modelsim/" for EDA simulation tool
Info (204019): Generated file Multiplier_7_1200mv_85c_v_slow.sdo in folder "C:/Users/megge/Documents/GitHub/ECE385/Multiplier/simulation/modelsim/" for EDA simulation tool
Info (204019): Generated file Multiplier_7_1200mv_0c_v_slow.sdo in folder "C:/Users/megge/Documents/GitHub/ECE385/Multiplier/simulation/modelsim/" for EDA simulation tool
Info (204019): Generated file Multiplier_min_1200mv_0c_v_fast.sdo in folder "C:/Users/megge/Documents/GitHub/ECE385/Multiplier/simulation/modelsim/" for EDA simulation tool
Info (204019): Generated file Multiplier_v.sdo in folder "C:/Users/megge/Documents/GitHub/ECE385/Multiplier/simulation/modelsim/" for EDA simulation tool
Info: Quartus Prime EDA Netlist Writer was successful. 0 errors, 0 warnings
    Info: Peak virtual memory: 4670 megabytes
    Info: Processing ended: Mon Feb 24 13:32:27 2020
    Info: Elapsed time: 00:00:02
    Info: Total CPU time (on all processors): 00:00:01


