18:46:03 **** Build of configuration Nios II for project final_app ****
make all 
Info: Building ../final_app_bsp/
C:/intelFPGA_lite/18.0/nios2eds/bin/gnu/H-x86_64-mingw32/bin/make --no-print-directory -C ../final_app_bsp/
[BSP build complete]
[final_app build complete]
18:46:05 **** Build of configuration Nios II for project final_app_bsp ****
make all 
[BSP build complete]
18:48:14 **** Build of configuration Nios II for project final_app ****
make all 
Info: Building ../final_app_bsp/
C:/intelFPGA_lite/18.0/nios2eds/bin/gnu/H-x86_64-mingw32/bin/make --no-print-directory -C ../final_app_bsp/
[BSP build complete]
[final_app build complete]
18:48:15 **** Build of configuration Nios II for project final_app_bsp ****
make all 
[BSP build complete]
18:50:48 **** Incremental Build of configuration Nios II for project final_app ****
make all 
Info: Building ../final_app_bsp/
C:/intelFPGA_lite/18.0/nios2eds/bin/gnu/H-x86_64-mingw32/bin/make --no-print-directory -C ../final_app_bsp/
[BSP build complete]
[final_app build complete]
18:55:36 **** Incremental Build of configuration Nios II for project final_app ****
make all 
Info: Building ../final_app_bsp/
C:/intelFPGA_lite/18.0/nios2eds/bin/gnu/H-x86_64-mingw32/bin/make --no-print-directory -C ../final_app_bsp/
[BSP build complete]
[final_app build complete]
19:09:56 **** Incremental Build of configuration Nios II for project final_app ****
make all 
Info: Building ../final_app_bsp/
C:/intelFPGA_lite/18.0/nios2eds/bin/gnu/H-x86_64-mingw32/bin/make --no-print-directory -C ../final_app_bsp/
[BSP build complete]
[final_app build complete]
19:30:09 **** Incremental Build of configuration Nios II for project final_app ****
make all 
Info: Building ../final_app_bsp/
C:/intelFPGA_lite/18.0/nios2eds/bin/gnu/H-x86_64-mingw32/bin/make --no-print-directory -C ../final_app_bsp/
[BSP build complete]
[final_app build complete]
19:42:20 **** Incremental Build of configuration Nios II for project final_app ****
make all 
Info: Building ../final_app_bsp/
C:/intelFPGA_lite/18.0/nios2eds/bin/gnu/H-x86_64-mingw32/bin/make --no-print-directory -C ../final_app_bsp/
[BSP build complete]
[final_app build complete]
19:49:26 **** Incremental Build of configuration Nios II for project final_app ****
make all 
Info: Building ../final_app_bsp/
C:/intelFPGA_lite/18.0/nios2eds/bin/gnu/H-x86_64-mingw32/bin/make --no-print-directory -C ../final_app_bsp/
[BSP build complete]
[final_app build complete]
19:51:13 **** Incremental Build of configuration Nios II for project final_app ****
make all 
Info: Building ../final_app_bsp/
C:/intelFPGA_lite/18.0/nios2eds/bin/gnu/H-x86_64-mingw32/bin/make --no-print-directory -C ../final_app_bsp/
[BSP build complete]
[final_app build complete]
19:51:51 **** Incremental Build of configuration Nios II for project final_app ****
make all 
Info: Building ../final_app_bsp/
C:/intelFPGA_lite/18.0/nios2eds/bin/gnu/H-x86_64-mingw32/bin/make --no-print-directory -C ../final_app_bsp/
[BSP build complete]
[final_app build complete]
20:17:25 **** Incremental Build of configuration Nios II for project final_app ****
make all 
Info: Building ../final_app_bsp/
C:/intelFPGA_lite/18.0/nios2eds/bin/gnu/H-x86_64-mingw32/bin/make --no-print-directory -C ../final_app_bsp/
[BSP build complete]
[final_app build complete]
