Flow report for lab8
Tue Apr 14 15:01:55 2020
Quartus Prime Version 18.0.0 Build 614 04/24/2018 SJ Lite Edition


---------------------
; Table of Contents ;
---------------------
  1. Legal Notice
  2. Flow Summary
  3. Flow Settings
  4. Flow Non-Default Global Settings
  5. Flow Elapsed Time
  6. Flow OS Summary
  7. Flow Log
  8. Flow Messages
  9. Flow Suppressed Messages



----------------
; Legal Notice ;
----------------
Copyright (C) 2018  Intel Corporation. All rights reserved.
Your use of Intel Corporation's design tools, logic functions 
and other software and tools, and its AMPP partner logic 
functions, and any output files from any of the foregoing 
(including device programming or simulation files), and any 
associated documentation or information are expressly subject 
to the terms and conditions of the Intel Program License 
Subscription Agreement, the Intel Quartus Prime License Agreement,
the Intel FPGA IP License Agreement, or other applicable license
agreement, including, without limitation, that your use is for
the sole purpose of programming logic devices manufactured by
Intel and sold by Intel or its authorized distributors.  Please
refer to the applicable agreement for further details.



+----------------------------------------------------------------------------------+
; Flow Summary                                                                     ;
+------------------------------------+---------------------------------------------+
; Flow Status                        ; Successful - Tue Apr 14 15:01:55 2020       ;
; Quartus Prime Version              ; 18.0.0 Build 614 04/24/2018 SJ Lite Edition ;
; Revision Name                      ; lab8                                        ;
; Top-level Entity Name              ; lab8                                        ;
; Family                             ; Cyclone IV E                                ;
; Device                             ; EP4CE115F29C7                               ;
; Timing Models                      ; Final                                       ;
; Total logic elements               ; 3,323 / 114,480 ( 3 % )                     ;
;     Total combinational functions  ; 2,661 / 114,480 ( 2 % )                     ;
;     Dedicated logic registers      ; 2,093 / 114,480 ( 2 % )                     ;
; Total registers                    ; 2212                                        ;
; Total pins                         ; 170 / 529 ( 32 % )                          ;
; Total virtual pins                 ; 0                                           ;
; Total memory bits                  ; 14,592 / 3,981,312 ( < 1 % )                ;
; Embedded Multiplier 9-bit elements ; 0 / 532 ( 0 % )                             ;
; Total PLLs                         ; 2 / 4 ( 50 % )                              ;
+------------------------------------+---------------------------------------------+


+-----------------------------------------+
; Flow Settings                           ;
+-------------------+---------------------+
; Option            ; Setting             ;
+-------------------+---------------------+
; Start date & time ; 04/14/2020 14:59:31 ;
; Main task         ; Compilation         ;
; Revision Name     ; lab8                ;
+-------------------+---------------------+


+------------------------------------------------------------------------------------------------------------------------------------------------------+
; Flow Non-Default Global Settings                                                                                                                     ;
+--------------------------------------+------------------------------------------------------------+---------------+-----------------+----------------+
; Assignment Name                      ; Value                                                      ; Default Value ; Entity Name     ; Section Id     ;
+--------------------------------------+------------------------------------------------------------+---------------+-----------------+----------------+
; COMPILER_SIGNATURE_ID                ; 93094402305973.158689437019904                             ; --            ; --              ; --             ;
; EDA_DESIGN_INSTANCE_NAME             ; NA                                                         ; --            ; --              ; testbench      ;
; EDA_NATIVELINK_SIMULATION_TEST_BENCH ; testbench                                                  ; --            ; --              ; eda_simulation ;
; EDA_OUTPUT_DATA_FORMAT               ; Systemverilog Hdl                                          ; --            ; --              ; eda_simulation ;
; EDA_SIMULATION_TOOL                  ; ModelSim-Altera (SystemVerilog)                            ; <None>        ; --              ; --             ;
; EDA_TEST_BENCH_ENABLE_STATUS         ; TEST_BENCH_MODE                                            ; --            ; --              ; eda_simulation ;
; EDA_TEST_BENCH_FILE                  ; testbench.sv                                               ; --            ; --              ; testbench      ;
; EDA_TEST_BENCH_MODULE_NAME           ; testbench                                                  ; --            ; --              ; testbench      ;
; EDA_TEST_BENCH_NAME                  ; testbench                                                  ; --            ; --              ; eda_simulation ;
; EDA_TEST_BENCH_RUN_SIM_FOR           ; 10000 ns                                                   ; --            ; --              ; testbench      ;
; EDA_TIME_SCALE                       ; 1 ps                                                       ; --            ; --              ; eda_simulation ;
; ENABLE_SIGNALTAP                     ; On                                                         ; --            ; --              ; --             ;
; MAX_CORE_JUNCTION_TEMP               ; 85                                                         ; --            ; --              ; --             ;
; MIN_CORE_JUNCTION_TEMP               ; 0                                                          ; --            ; --              ; --             ;
; MISC_FILE                            ; lab7_soc/synthesis/../lab7_soc.cmp                         ; --            ; --              ; --             ;
; MISC_FILE                            ; lab7_soc/synthesis/../../lab7_soc.qsys                     ; --            ; --              ; --             ;
; PARTITION_COLOR                      ; -- (Not supported for targeted family)                     ; --            ; DE2_115_Default ; Top            ;
; PARTITION_COLOR                      ; -- (Not supported for targeted family)                     ; --            ; --              ; Top            ;
; PARTITION_FITTER_PRESERVATION_LEVEL  ; -- (Not supported for targeted family)                     ; --            ; DE2_115_Default ; Top            ;
; PARTITION_FITTER_PRESERVATION_LEVEL  ; -- (Not supported for targeted family)                     ; --            ; --              ; Top            ;
; PARTITION_NETLIST_TYPE               ; -- (Not supported for targeted family)                     ; --            ; DE2_115_Default ; Top            ;
; PARTITION_NETLIST_TYPE               ; -- (Not supported for targeted family)                     ; --            ; --              ; Top            ;
; POWER_BOARD_THERMAL_MODEL            ; None (CONSERVATIVE)                                        ; --            ; --              ; --             ;
; POWER_DEFAULT_INPUT_IO_TOGGLE_RATE   ; 12.5 %                                                     ; 12.5%         ; --              ; --             ;
; POWER_PRESET_COOLING_SOLUTION        ; 23 MM HEAT SINK WITH 200 LFPM AIRFLOW                      ; --            ; --              ; --             ;
; SLD_FILE                             ; lab7_soc/synthesis/lab7_soc.regmap                         ; --            ; --              ; --             ;
; SLD_FILE                             ; lab7_soc/synthesis/lab7_soc.debuginfo                      ; --            ; --              ; --             ;
; SLD_INFO                             ; QSYS_NAME lab7_soc HAS_SOPCINFO 1 GENERATION_ID 1586885782 ; --            ; lab7_soc        ; --             ;
; SOPCINFO_FILE                        ; lab7_soc/synthesis/../../lab7_soc.sopcinfo                 ; --            ; --              ; --             ;
; SYNTHESIS_ONLY_QIP                   ; On                                                         ; --            ; --              ; --             ;
; USE_SIGNALTAP_FILE                   ; stp1.stp                                                   ; --            ; --              ; --             ;
+--------------------------------------+------------------------------------------------------------+---------------+-----------------+----------------+


+--------------------------------------------------------------------------------------------------------------------------+
; Flow Elapsed Time                                                                                                        ;
+----------------------+--------------+-------------------------+---------------------+------------------------------------+
; Module Name          ; Elapsed Time ; Average Processors Used ; Peak Virtual Memory ; Total CPU Time (on all processors) ;
+----------------------+--------------+-------------------------+---------------------+------------------------------------+
; Analysis & Synthesis ; 00:01:05     ; 1.0                     ; 4967 MB             ; 00:01:57                           ;
; Fitter               ; 00:00:44     ; 1.1                     ; 5560 MB             ; 00:01:00                           ;
; Assembler            ; 00:00:05     ; 1.0                     ; 4719 MB             ; 00:00:05                           ;
; Timing Analyzer      ; 00:00:07     ; 1.2                     ; 4881 MB             ; 00:00:07                           ;
; EDA Netlist Writer   ; 00:00:14     ; 1.0                     ; 4734 MB             ; 00:00:08                           ;
; Total                ; 00:02:15     ; --                      ; --                  ; 00:03:17                           ;
+----------------------+--------------+-------------------------+---------------------+------------------------------------+


+------------------------------------------------------------------------------------+
; Flow OS Summary                                                                    ;
+----------------------+------------------+------------+------------+----------------+
; Module Name          ; Machine Hostname ; OS Name    ; OS Version ; Processor type ;
+----------------------+------------------+------------+------------+----------------+
; Analysis & Synthesis ; Megans-Laptop    ; Windows 10 ; 10.0       ; x86_64         ;
; Fitter               ; Megans-Laptop    ; Windows 10 ; 10.0       ; x86_64         ;
; Assembler            ; Megans-Laptop    ; Windows 10 ; 10.0       ; x86_64         ;
; Timing Analyzer      ; Megans-Laptop    ; Windows 10 ; 10.0       ; x86_64         ;
; EDA Netlist Writer   ; Megans-Laptop    ; Windows 10 ; 10.0       ; x86_64         ;
+----------------------+------------------+------------+------------+----------------+


------------
; Flow Log ;
------------
quartus_map --read_settings_files=on --write_settings_files=off final -c lab8
quartus_fit --read_settings_files=off --write_settings_files=off final -c lab8
quartus_asm --read_settings_files=off --write_settings_files=off final -c lab8
quartus_sta final -c lab8
quartus_eda --read_settings_files=off --write_settings_files=off final -c lab8



